# JRE version: Java(TM) SE Runtime Environment 18.9 (11.0.13+10) (build 11.0.13+10-LTS-370)
# Java VM: Java HotSpot(TM) 64-Bit Server VM 18.9 (11.0.13+10-LTS-370, mixed mode, tiered, compressed oops, g1 gc, windows-amd64)
Heap:
 garbage-first heap   total 260096K, used 176378K [0x0000000702400000, 0x0000000800000000)
  region size 1024K, 16 young (16384K), 3 survivors (3072K)
 Metaspace       used 24485K, capacity 25323K, committed 25600K, reserved 1071104K
  class space    used 3095K, capacity 3463K, committed 3584K, reserved 1048576K
GC Heap History (8 events):
Event: 0.399 GC heap before
{Heap before GC invocations=0 (full 0):
 garbage-first heap   total 260096K, used 23552K [0x0000000702400000, 0x0000000800000000)
  region size 1024K, 24 young (24576K), 0 survivors (0K)
 Metaspace       used 12223K, capacity 12598K, committed 12800K, reserved 1060864K
  class space    used 1309K, capacity 1456K, committed 1536K, reserved 1048576K
}
Event: 0.401 GC heap after
{Heap after GC invocations=1 (full 0):
 garbage-first heap   total 260096K, used 3033K [0x0000000702400000, 0x0000000800000000)
  region size 1024K, 3 young (3072K), 3 survivors (3072K)
 Metaspace       used 12223K, capacity 12598K, committed 12800K, reserved 1060864K
  class space    used 1309K, capacity 1456K, committed 1536K, reserved 1048576K
}
Event: 0.629 GC heap before
{Heap before GC invocations=1 (full 0):
 garbage-first heap   total 260096K, used 22489K [0x0000000702400000, 0x0000000800000000)
  region size 1024K, 23 young (23552K), 3 survivors (3072K)
 Metaspace       used 17555K, capacity 18031K, committed 18304K, reserved 1064960K
  class space    used 2167K, capacity 2376K, committed 2432K, reserved 1048576K
}
Event: 0.633 GC heap after
{Heap after GC invocations=2 (full 0):
 garbage-first heap   total 260096K, used 6522K [0x0000000702400000, 0x0000000800000000)
  region size 1024K, 7 young (7168K), 7 survivors (7168K)
 Metaspace       used 17555K, capacity 18031K, committed 18304K, reserved 1064960K
  class space    used 2167K, capacity 2376K, committed 2432K, reserved 1048576K
}
Event: 1.052 GC heap before
{Heap before GC invocations=3 (full 0):
 garbage-first heap   total 260096K, used 159098K [0x0000000702400000, 0x0000000800000000)
  region size 1024K, 9 young (9216K), 7 survivors (7168K)
 Metaspace       used 17720K, capacity 18206K, committed 18304K, reserved 1064960K
  class space    used 2214K, capacity 2412K, committed 2432K, reserved 1048576K
}
Event: 1.056 GC heap after
{Heap after GC invocations=4 (full 0):
 garbage-first heap   total 260096K, used 158639K [0x0000000702400000, 0x0000000800000000)
  region size 1024K, 4 young (4096K), 4 survivors (4096K)
 Metaspace       used 17720K, capacity 18206K, committed 18304K, reserved 1064960K
  class space    used 2214K, capacity 2412K, committed 2432K, reserved 1048576K
}
Event: 1.337 GC heap before
{Heap before GC invocations=5 (full 0):
 garbage-first heap   total 260096K, used 176047K [0x0000000702400000, 0x0000000800000000)
  region size 1024K, 21 young (21504K), 4 survivors (4096K)
 Metaspace       used 22227K, capacity 22994K, committed 23296K, reserved 1069056K
  class space    used 2867K, capacity 3221K, committed 3328K, reserved 1048576K
}
Event: 1.341 GC heap after
{Heap after GC invocations=6 (full 0):
 garbage-first heap   total 260096K, used 162042K [0x0000000702400000, 0x0000000800000000)
  region size 1024K, 3 young (3072K), 3 survivors (3072K)
 Metaspace       used 22227K, capacity 22994K, committed 23296K, reserved 1069056K
  class space    used 2867K, capacity 3221K, committed 3328K, reserved 1048576K
}

