# JRE version: Java(TM) SE Runtime Environment 18.9 (11.0.13+10) (build 11.0.13+10-LTS-370)
# Java VM: Java HotSpot(TM) 64-Bit Server VM 18.9 (11.0.13+10-LTS-370, mixed mode, tiered, compressed oops, g1 gc, windows-amd64)
Heap:
 garbage-first heap   total 312320K, used 171849K [0x0000000702400000, 0x0000000800000000)
  region size 1024K, 11 young (11264K), 4 survivors (4096K)
 Metaspace       used 25663K, capacity 26640K, committed 26880K, reserved 1073152K
  class space    used 3378K, capacity 3810K, committed 3840K, reserved 1048576K
GC Heap History (10 events):
Event: 0.635 GC heap before
{Heap before GC invocations=1 (full 0):
 garbage-first heap   total 260096K, used 22538K [0x0000000702400000, 0x0000000800000000)
  region size 1024K, 23 young (23552K), 3 survivors (3072K)
 Metaspace       used 17547K, capacity 18033K, committed 18304K, reserved 1064960K
  class space    used 2170K, capacity 2376K, committed 2432K, reserved 1048576K
}
Event: 0.639 GC heap after
{Heap after GC invocations=2 (full 0):
 garbage-first heap   total 260096K, used 7021K [0x0000000702400000, 0x0000000800000000)
  region size 1024K, 7 young (7168K), 7 survivors (7168K)
 Metaspace       used 17547K, capacity 18033K, committed 18304K, reserved 1064960K
  class space    used 2170K, capacity 2376K, committed 2432K, reserved 1048576K
}
Event: 1.061 GC heap before
{Heap before GC invocations=3 (full 0):
 garbage-first heap   total 260096K, used 159597K [0x0000000702400000, 0x0000000800000000)
  region size 1024K, 9 young (9216K), 7 survivors (7168K)
 Metaspace       used 17709K, capacity 18144K, committed 18304K, reserved 1064960K
  class space    used 2217K, capacity 2412K, committed 2432K, reserved 1048576K
}
Event: 1.066 GC heap after
{Heap after GC invocations=4 (full 0):
 garbage-first heap   total 260096K, used 158587K [0x0000000702400000, 0x0000000800000000)
  region size 1024K, 4 young (4096K), 4 survivors (4096K)
 Metaspace       used 17709K, capacity 18144K, committed 18304K, reserved 1064960K
  class space    used 2217K, capacity 2412K, committed 2432K, reserved 1048576K
}
Event: 1.352 GC heap before
{Heap before GC invocations=5 (full 0):
 garbage-first heap   total 260096K, used 174971K [0x0000000702400000, 0x0000000800000000)
  region size 1024K, 21 young (21504K), 4 survivors (4096K)
 Metaspace       used 22213K, capacity 22930K, committed 23040K, reserved 1069056K
  class space    used 2870K, capacity 3221K, committed 3328K, reserved 1048576K
}
Event: 1.355 GC heap after
{Heap after GC invocations=6 (full 0):
 garbage-first heap   total 260096K, used 161961K [0x0000000702400000, 0x0000000800000000)
  region size 1024K, 3 young (3072K), 3 survivors (3072K)
 Metaspace       used 22213K, capacity 22930K, committed 23040K, reserved 1069056K
  class space    used 2870K, capacity 3221K, committed 3328K, reserved 1048576K
}
Event: 2.524 GC heap before
{Heap before GC invocations=7 (full 0):
 garbage-first heap   total 260096K, used 167081K [0x0000000702400000, 0x0000000800000000)
  region size 1024K, 7 young (7168K), 3 survivors (3072K)
 Metaspace       used 23066K, capacity 23902K, committed 24192K, reserved 1071104K
  class space    used 2963K, capacity 3333K, committed 3456K, reserved 1048576K
}
Event: 2.527 GC heap after
{Heap after GC invocations=8 (full 0):
 garbage-first heap   total 312320K, used 164157K [0x0000000702400000, 0x0000000800000000)
  region size 1024K, 3 young (3072K), 3 survivors (3072K)
 Metaspace       used 23066K, capacity 23902K, committed 24192K, reserved 1071104K
  class space    used 2963K, capacity 3333K, committed 3456K, reserved 1048576K
}
Event: 3.775 GC heap before
{Heap before GC invocations=9 (full 0):
 garbage-first heap   total 312320K, used 172349K [0x0000000702400000, 0x0000000800000000)
  region size 1024K, 11 young (11264K), 3 survivors (3072K)
 Metaspace       used 24578K, capacity 25527K, committed 25728K, reserved 1071104K
  class space    used 3246K, capacity 3675K, committed 3712K, reserved 1048576K
}
Event: 3.778 GC heap after
{Heap after GC invocations=10 (full 0):
 garbage-first heap   total 312320K, used 164681K [0x0000000702400000, 0x0000000800000000)
  region size 1024K, 4 young (4096K), 4 survivors (4096K)
 Metaspace       used 24578K, capacity 25527K, committed 25728K, reserved 1071104K
  class space    used 3246K, capacity 3675K, committed 3712K, reserved 1048576K
}

